<?xml version="1.0" encoding="UTF-8"?>
<testsuite name="com.nbt.codegen.tools.CommandLineEntityJsonGeneratorTest" tests="3" skipped="0" failures="0" errors="0" timestamp="2018-09-03T16:27:43" hostname="Matthews-MacBook-Pro-2.local" time="0.064">
  <properties/>
  <testcase name="shouldParseEntityNamsepace" classname="com.nbt.codegen.tools.CommandLineEntityJsonGeneratorTest" time="0.001"/>
  <testcase name="shouldGenerateEntityWithNamespaveCorrectly" classname="com.nbt.codegen.tools.CommandLineEntityJsonGeneratorTest" time="0.061"/>
  <testcase name="shouldGenerateEntityCorrectly" classname="com.nbt.codegen.tools.CommandLineEntityJsonGeneratorTest" time="0.002"/>
  <system-out><![CDATA[]]></system-out>
  <system-err><![CDATA[]]></system-err>
</testsuite>
