<?xml version="1.0" encoding="UTF-8"?>
<testsuite name="com.nbt.codegen.utils.CommandLineArgsParserTest" tests="3" skipped="0" failures="0" errors="0" timestamp="2018-09-03T16:27:43" hostname="Matthews-MacBook-Pro-2.local" time="0.001">
  <properties/>
  <testcase name="shouldIgnoreInvalidArgs" classname="com.nbt.codegen.utils.CommandLineArgsParserTest" time="0.001"/>
  <testcase name="shouldParseEmptyArgs" classname="com.nbt.codegen.utils.CommandLineArgsParserTest" time="0.0"/>
  <testcase name="shouldParseArgsCorrectly" classname="com.nbt.codegen.utils.CommandLineArgsParserTest" time="0.0"/>
  <system-out><![CDATA[]]></system-out>
  <system-err><![CDATA[]]></system-err>
</testsuite>
