<?xml version="1.0" encoding="UTF-8"?>
<testsuite name="com.nbt.codegen.template.HandlebarsTemplateEngineTest" tests="2" skipped="0" failures="0" errors="0" timestamp="2018-09-03T16:27:43" hostname="Matthews-MacBook-Pro-2.local" time="0.17">
  <properties/>
  <testcase name="shouldPerformParse" classname="com.nbt.codegen.template.HandlebarsTemplateEngineTest" time="0.169"/>
  <testcase name="shouldInitializeCorrectly" classname="com.nbt.codegen.template.HandlebarsTemplateEngineTest" time="0.0"/>
  <system-out><![CDATA[]]></system-out>
  <system-err><![CDATA[SLF4J: Failed to load class "org.slf4j.impl.StaticLoggerBinder".
SLF4J: Defaulting to no-operation (NOP) logger implementation
SLF4J: See http://www.slf4j.org/codes.html#StaticLoggerBinder for further details.
]]></system-err>
</testsuite>
